<?xml version="1.0" encoding="UTF-8"?>
<robot generator="Robot 7.0 (Python 3.12.1 on win32)" generated="2024-02-07T17:17:44.819482" rpa="false" schemaversion="5">
<suite id="s1" name="TC2" source="C:\TestingRobot\automation\TestCases\TC2.robot">
<test id="s1-t1" name="LoginTest" line="10">
<kw name="Open Browser" owner="SeleniumLibrary">
<msg time="2024-02-07T17:17:45.058314" level="INFO">Opening browser 'chrome' to base url 'about:blank'.</msg>
<arg>${urlblank}</arg>
<arg>${browser}</arg>
<doc>Opens a new browser instance to the optional ``url``.</doc>
<status status="PASS" start="2024-02-07T17:17:45.058314" elapsed="2.371507"/>
</kw>
<kw name="Go To" owner="SeleniumLibrary">
<msg time="2024-02-07T17:17:47.430853" level="INFO">Opening url 'https://e-logor.com/'</msg>
<arg>${url}</arg>
<doc>Navigates the current browser window to the provided ``url``.</doc>
<status status="PASS" start="2024-02-07T17:17:47.429821" elapsed="3.026970"/>
</kw>
<kw name="Maximize Browser Window" owner="SeleniumLibrary">
<doc>Maximizes current browser window.</doc>
<status status="PASS" start="2024-02-07T17:17:50.458018" elapsed="0.134624"/>
</kw>
<kw name="popupClose">
<kw name="Input Text" owner="SeleniumLibrary">
<msg time="2024-02-07T17:17:50.593697" level="INFO">Typing text 'test@gmail.com' into text field 'xpath:/html/body/div[3]/div[2]/div/div[2]/form/div/input'.</msg>
<arg>xpath:/html/body/div[3]/div[2]/div/div[2]/form/div/input</arg>
<arg>test@gmail.com</arg>
<doc>Types the given ``text`` into the text field identified by ``locator``.</doc>
<status status="PASS" start="2024-02-07T17:17:50.593697" elapsed="0.149133"/>
</kw>
<kw name="Click Element" owner="SeleniumLibrary">
<msg time="2024-02-07T17:17:50.743926" level="INFO">Clicking element 'xpath:/html/body/div[3]/div[2]/div/button'.</msg>
<arg>xpath:/html/body/div[3]/div[2]/div/button</arg>
<doc>Click the element identified by ``locator``.</doc>
<status status="PASS" start="2024-02-07T17:17:50.742830" elapsed="0.055679"/>
</kw>
<kw name="Click Element" owner="SeleniumLibrary">
<msg time="2024-02-07T17:17:50.799554" level="INFO">Clicking element 'xpath:/html/body/div[2]/div/button'.</msg>
<arg>xpath:/html/body/div[2]/div/button</arg>
<doc>Click the element identified by ``locator``.</doc>
<status status="PASS" start="2024-02-07T17:17:50.799554" elapsed="0.043169"/>
</kw>
<status status="PASS" start="2024-02-07T17:17:50.593697" elapsed="0.249026"/>
</kw>
<kw name="choisirProduit">
<kw name="Capture Page Screenshot" owner="SeleniumLibrary">
<msg time="2024-02-07T17:17:51.301893" level="INFO" html="true">&lt;/td&gt;&lt;/tr&gt;&lt;tr&gt;&lt;td colspan="3"&gt;&lt;a href="selenium-screenshot-1.png"&gt;&lt;img src="selenium-screenshot-1.png" width="800px"&gt;&lt;/a&gt;</msg>
<doc>Takes a screenshot of the current page and embeds it into a log file.</doc>
<status status="PASS" start="2024-02-07T17:17:50.842723" elapsed="0.459170"/>
</kw>
<kw name="Click Link" owner="SeleniumLibrary">
<msg time="2024-02-07T17:17:51.303224" level="INFO">Clicking link 'xpath:/html/body/div[1]/header/div[2]/div[1]/div/div[2]/div/ul/li[5]/a'.</msg>
<arg>xpath:/html/body/div[1]/header/div[2]/div[1]/div/div[2]/div/ul/li[5]/a</arg>
<doc>Clicks a link identified by ``locator``.</doc>
<status status="PASS" start="2024-02-07T17:17:51.301893" elapsed="1.397874"/>
</kw>
<kw name="Capture Page Screenshot" owner="SeleniumLibrary">
<msg time="2024-02-07T17:17:52.892665" level="INFO" html="true">&lt;/td&gt;&lt;/tr&gt;&lt;tr&gt;&lt;td colspan="3"&gt;&lt;a href="selenium-screenshot-2.png"&gt;&lt;img src="selenium-screenshot-2.png" width="800px"&gt;&lt;/a&gt;</msg>
<doc>Takes a screenshot of the current page and embeds it into a log file.</doc>
<status status="PASS" start="2024-02-07T17:17:52.699767" elapsed="0.192898"/>
</kw>
<kw name="Click Link" owner="SeleniumLibrary">
<msg time="2024-02-07T17:17:52.892665" level="INFO">Clicking link 'xpath:/html/body/div[1]/section[2]/div/div[2]/div[1]/a'.</msg>
<arg>xpath:/html/body/div[1]/section[2]/div/div[2]/div[1]/a</arg>
<doc>Clicks a link identified by ``locator``.</doc>
<status status="PASS" start="2024-02-07T17:17:52.892665" elapsed="1.673588"/>
</kw>
<kw name="Capture Page Screenshot" owner="SeleniumLibrary">
<msg time="2024-02-07T17:17:54.822331" level="INFO" html="true">&lt;/td&gt;&lt;/tr&gt;&lt;tr&gt;&lt;td colspan="3"&gt;&lt;a href="selenium-screenshot-3.png"&gt;&lt;img src="selenium-screenshot-3.png" width="800px"&gt;&lt;/a&gt;</msg>
<doc>Takes a screenshot of the current page and embeds it into a log file.</doc>
<status status="PASS" start="2024-02-07T17:17:54.566253" elapsed="0.256078"/>
</kw>
<kw name="Click Link" owner="SeleniumLibrary">
<msg time="2024-02-07T17:17:54.822331" level="INFO">Clicking link 'xpath://*[@id="search-form"]/div/div[2]/div[2]/div/div[2]/div/div[1]/a[1]'.</msg>
<arg>xpath://*[@id="search-form"]/div/div[2]/div[2]/div/div[2]/div/div[1]/a[1]</arg>
<doc>Clicks a link identified by ``locator``.</doc>
<status status="PASS" start="2024-02-07T17:17:54.822331" elapsed="1.736698"/>
</kw>
<status status="PASS" start="2024-02-07T17:17:50.842723" elapsed="5.716306"/>
</kw>
<kw name="ajouterAuPanier">
<kw name="Capture Page Screenshot" owner="SeleniumLibrary">
<msg time="2024-02-07T17:17:56.808884" level="INFO" html="true">&lt;/td&gt;&lt;/tr&gt;&lt;tr&gt;&lt;td colspan="3"&gt;&lt;a href="selenium-screenshot-4.png"&gt;&lt;img src="selenium-screenshot-4.png" width="800px"&gt;&lt;/a&gt;</msg>
<doc>Takes a screenshot of the current page and embeds it into a log file.</doc>
<status status="PASS" start="2024-02-07T17:17:56.560014" elapsed="0.249897"/>
</kw>
<kw name="Click Element" owner="SeleniumLibrary">
<msg time="2024-02-07T17:17:56.809911" level="INFO">Clicking element 'xpath:/html/body/div[1]/section[1]/div/div/div/div[2]/div/div[6]/button[2]'.</msg>
<arg>xpath:/html/body/div[1]/section[1]/div/div/div/div[2]/div/div[6]/button[2]</arg>
<doc>Click the element identified by ``locator``.</doc>
<status status="PASS" start="2024-02-07T17:17:56.809911" elapsed="0.055905"/>
</kw>
<kw name="Capture Page Screenshot" owner="SeleniumLibrary">
<msg time="2024-02-07T17:17:57.189165" level="INFO" html="true">&lt;/td&gt;&lt;/tr&gt;&lt;tr&gt;&lt;td colspan="3"&gt;&lt;a href="selenium-screenshot-5.png"&gt;&lt;img src="selenium-screenshot-5.png" width="800px"&gt;&lt;/a&gt;</msg>
<doc>Takes a screenshot of the current page and embeds it into a log file.</doc>
<status status="PASS" start="2024-02-07T17:17:56.865816" elapsed="0.323349"/>
</kw>
<kw name="Input Text" owner="SeleniumLibrary">
<msg time="2024-02-07T17:17:57.189165" level="INFO">Typing text 'customer@example.com' into text field 'id:email'.</msg>
<arg>id:email</arg>
<arg>customer@example.com</arg>
<doc>Types the given ``text`` into the text field identified by ``locator``.</doc>
<status status="PASS" start="2024-02-07T17:17:57.189165" elapsed="0.101992"/>
</kw>
<kw name="Input Text" owner="SeleniumLibrary">
<msg time="2024-02-07T17:17:57.291157" level="INFO">Typing text '123456' into text field 'xpath://*[@id="login_modal"]/div/div/div[2]/div/form/div[2]/input'.</msg>
<arg>xpath://*[@id="login_modal"]/div/div/div[2]/div/form/div[2]/input</arg>
<arg>123456</arg>
<doc>Types the given ``text`` into the text field identified by ``locator``.</doc>
<status status="PASS" start="2024-02-07T17:17:57.291157" elapsed="0.081134"/>
</kw>
<kw name="Wait Until Element Is Visible" owner="SeleniumLibrary">
<arg>xpath://*[@id="login_modal"]/div/div/div[2]/div/form/div[4]/button</arg>
<arg>timeout=10s</arg>
<doc>Waits until the element ``locator`` is visible.</doc>
<status status="PASS" start="2024-02-07T17:17:57.372291" elapsed="0.050197"/>
</kw>
<kw name="Capture Page Screenshot" owner="SeleniumLibrary">
<msg time="2024-02-07T17:17:57.671932" level="INFO" html="true">&lt;/td&gt;&lt;/tr&gt;&lt;tr&gt;&lt;td colspan="3"&gt;&lt;a href="selenium-screenshot-6.png"&gt;&lt;img src="selenium-screenshot-6.png" width="800px"&gt;&lt;/a&gt;</msg>
<doc>Takes a screenshot of the current page and embeds it into a log file.</doc>
<status status="PASS" start="2024-02-07T17:17:57.422488" elapsed="0.249444"/>
</kw>
<kw name="Click Element" owner="SeleniumLibrary">
<msg time="2024-02-07T17:17:57.687230" level="INFO">Clicking element 'xpath://*[@id="login_modal"]/div/div/div[2]/div/form/div[4]/button'.</msg>
<arg>xpath://*[@id="login_modal"]/div/div/div[2]/div/form/div[4]/button</arg>
<doc>Click the element identified by ``locator``.</doc>
<status status="PASS" start="2024-02-07T17:17:57.687230" elapsed="2.472361"/>
</kw>
<kw name="Click Element" owner="SeleniumLibrary">
<msg time="2024-02-07T17:18:00.159591" level="INFO">Clicking element 'xpath:/html/body/div[1]/section[1]/div/div/div/div[2]/div/div[6]/button[2]'.</msg>
<arg>xpath:/html/body/div[1]/section[1]/div/div/div/div[2]/div/div[6]/button[2]</arg>
<doc>Click the element identified by ``locator``.</doc>
<status status="PASS" start="2024-02-07T17:18:00.159591" elapsed="0.049036"/>
</kw>
<status status="PASS" start="2024-02-07T17:17:56.559029" elapsed="3.650622"/>
</kw>
<kw name="commanderProduit">
<kw name="Capture Page Screenshot" owner="SeleniumLibrary">
<msg time="2024-02-07T17:18:00.457321" level="INFO" html="true">&lt;/td&gt;&lt;/tr&gt;&lt;tr&gt;&lt;td colspan="3"&gt;&lt;a href="selenium-screenshot-7.png"&gt;&lt;img src="selenium-screenshot-7.png" width="800px"&gt;&lt;/a&gt;</msg>
<doc>Takes a screenshot of the current page and embeds it into a log file.</doc>
<status status="PASS" start="2024-02-07T17:18:00.209651" elapsed="0.247670"/>
</kw>
<kw name="Wait Until Element Is Visible" owner="SeleniumLibrary">
<arg>xpath://*[@id="cart-summary"]/div/div/div/div/div[3]/div[2]/a</arg>
<arg>10</arg>
<doc>Waits until the element ``locator`` is visible.</doc>
<status status="PASS" start="2024-02-07T17:18:00.457321" elapsed="2.157678"/>
</kw>
<kw name="Click Element" owner="SeleniumLibrary">
<msg time="2024-02-07T17:18:02.616019" level="INFO">Clicking element 'xpath://*[@id="cart-summary"]/div/div/div/div/div[3]/div[2]/a'.</msg>
<arg>xpath://*[@id="cart-summary"]/div/div/div/div/div[3]/div[2]/a</arg>
<doc>Click the element identified by ``locator``.</doc>
<status status="PASS" start="2024-02-07T17:18:02.614999" elapsed="1.881831"/>
</kw>
<kw name="Capture Page Screenshot" owner="SeleniumLibrary">
<msg time="2024-02-07T17:18:04.683411" level="INFO" html="true">&lt;/td&gt;&lt;/tr&gt;&lt;tr&gt;&lt;td colspan="3"&gt;&lt;a href="selenium-screenshot-8.png"&gt;&lt;img src="selenium-screenshot-8.png" width="800px"&gt;&lt;/a&gt;</msg>
<doc>Takes a screenshot of the current page and embeds it into a log file.</doc>
<status status="PASS" start="2024-02-07T17:18:04.496830" elapsed="0.186581"/>
</kw>
<kw name="Wait Until Element Is Visible" owner="SeleniumLibrary">
<arg>xpath:/html/body/div[1]/section[2]/div/div/div/form/div/div[3]/div[2]/button</arg>
<doc>Waits until the element ``locator`` is visible.</doc>
<status status="PASS" start="2024-02-07T17:18:04.683411" elapsed="0.023877"/>
</kw>
<kw name="Click Element" owner="SeleniumLibrary">
<msg time="2024-02-07T17:18:04.707288" level="INFO">Clicking element 'xpath:/html/body/div[1]/section[2]/div/div/div/form/div/div[3]/div[2]/button'.</msg>
<arg>xpath:/html/body/div[1]/section[2]/div/div/div/form/div/div[3]/div[2]/button</arg>
<doc>Click the element identified by ``locator``.</doc>
<status status="PASS" start="2024-02-07T17:18:04.707288" elapsed="1.313666"/>
</kw>
<kw name="Capture Page Screenshot" owner="SeleniumLibrary">
<msg time="2024-02-07T17:18:06.221307" level="INFO" html="true">&lt;/td&gt;&lt;/tr&gt;&lt;tr&gt;&lt;td colspan="3"&gt;&lt;a href="selenium-screenshot-9.png"&gt;&lt;img src="selenium-screenshot-9.png" width="800px"&gt;&lt;/a&gt;</msg>
<doc>Takes a screenshot of the current page and embeds it into a log file.</doc>
<status status="PASS" start="2024-02-07T17:18:06.020954" elapsed="0.200353"/>
</kw>
<kw name="Wait Until Element Is Visible" owner="SeleniumLibrary">
<arg>xpath:/html/body/div[1]/section[2]/div/div/div/div/form/div[2]/button</arg>
<doc>Waits until the element ``locator`` is visible.</doc>
<status status="PASS" start="2024-02-07T17:18:06.221307" elapsed="0.016649"/>
</kw>
<kw name="Click Element" owner="SeleniumLibrary">
<msg time="2024-02-07T17:18:06.237956" level="INFO">Clicking element 'xpath:/html/body/div[1]/section[2]/div/div/div/div/form/div[2]/button'.</msg>
<arg>xpath:/html/body/div[1]/section[2]/div/div/div/div/form/div[2]/button</arg>
<doc>Click the element identified by ``locator``.</doc>
<status status="PASS" start="2024-02-07T17:18:06.237956" elapsed="2.352644"/>
</kw>
<kw name="Capture Page Screenshot" owner="SeleniumLibrary">
<msg time="2024-02-07T17:18:08.805633" level="INFO" html="true">&lt;/td&gt;&lt;/tr&gt;&lt;tr&gt;&lt;td colspan="3"&gt;&lt;a href="selenium-screenshot-10.png"&gt;&lt;img src="selenium-screenshot-10.png" width="800px"&gt;&lt;/a&gt;</msg>
<doc>Takes a screenshot of the current page and embeds it into a log file.</doc>
<status status="PASS" start="2024-02-07T17:18:08.590600" elapsed="0.215033"/>
</kw>
<kw name="Wait Until Element Is Visible" owner="SeleniumLibrary">
<arg>xpath:/html/body/div[1]/section[2]/div/div/div[1]/form/div/div[4]/div/div[2]/label/span/img</arg>
<doc>Waits until the element ``locator`` is visible.</doc>
<status status="PASS" start="2024-02-07T17:18:08.805633" elapsed="0.030393"/>
</kw>
<kw name="Click Element" owner="SeleniumLibrary">
<msg time="2024-02-07T17:18:08.837061" level="INFO">Clicking element 'xpath:/html/body/div[1]/section[2]/div/div/div[1]/form/div/div[4]/div/div[2]/label/span/img'.</msg>
<arg>xpath:/html/body/div[1]/section[2]/div/div/div[1]/form/div/div[4]/div/div[2]/label/span/img</arg>
<doc>Click the element identified by ``locator``.</doc>
<status status="PASS" start="2024-02-07T17:18:08.837061" elapsed="0.017481"/>
</kw>
<kw name="Capture Page Screenshot" owner="SeleniumLibrary">
<msg time="2024-02-07T17:18:09.088773" level="INFO" html="true">&lt;/td&gt;&lt;/tr&gt;&lt;tr&gt;&lt;td colspan="3"&gt;&lt;a href="selenium-screenshot-11.png"&gt;&lt;img src="selenium-screenshot-11.png" width="800px"&gt;&lt;/a&gt;</msg>
<doc>Takes a screenshot of the current page and embeds it into a log file.</doc>
<status status="PASS" start="2024-02-07T17:18:08.854542" elapsed="0.234231"/>
</kw>
<kw name="Wait Until Element Is Visible" owner="SeleniumLibrary">
<arg>xpath://*[@id="checkout-form"]/div/div[5]/label/span[1]</arg>
<doc>Waits until the element ``locator`` is visible.</doc>
<status status="PASS" start="2024-02-07T17:18:09.088773" elapsed="0.019641"/>
</kw>
<kw name="Click Element" owner="SeleniumLibrary">
<msg time="2024-02-07T17:18:09.108414" level="INFO">Clicking element 'xpath://*[@id="checkout-form"]/div/div[5]/label/span[1]'.</msg>
<arg>xpath://*[@id="checkout-form"]/div/div[5]/label/span[1]</arg>
<doc>Click the element identified by ``locator``.</doc>
<status status="PASS" start="2024-02-07T17:18:09.108414" elapsed="0.029332"/>
</kw>
<kw name="Click Element" owner="SeleniumLibrary">
<msg time="2024-02-07T17:18:09.137746" level="INFO">Clicking element 'xpath://*[@id="checkout-form"]/div/div[6]/div[2]/button'.</msg>
<arg>xpath://*[@id="checkout-form"]/div/div[6]/div[2]/button</arg>
<doc>Click the element identified by ``locator``.</doc>
<status status="PASS" start="2024-02-07T17:18:09.137746" elapsed="3.650808"/>
</kw>
<kw name="Capture Page Screenshot" owner="SeleniumLibrary">
<msg time="2024-02-07T17:18:12.987983" level="INFO" html="true">&lt;/td&gt;&lt;/tr&gt;&lt;tr&gt;&lt;td colspan="3"&gt;&lt;a href="selenium-screenshot-12.png"&gt;&lt;img src="selenium-screenshot-12.png" width="800px"&gt;&lt;/a&gt;</msg>
<doc>Takes a screenshot of the current page and embeds it into a log file.</doc>
<status status="PASS" start="2024-02-07T17:18:12.788554" elapsed="0.199429"/>
</kw>
<kw name="Wait Until Element Is Visible" owner="SeleniumLibrary">
<arg>xpath:/html/body/div[1]/section[2]/div/div/div/div[1]/h1</arg>
<arg>timeout=10s</arg>
<doc>Waits until the element ``locator`` is visible.</doc>
<status status="PASS" start="2024-02-07T17:18:12.987983" elapsed="0.017485"/>
</kw>
<status status="PASS" start="2024-02-07T17:18:00.209651" elapsed="12.795817"/>
</kw>
<kw name="Close Browser" owner="SeleniumLibrary">
<doc>Closes the current browser.</doc>
<status status="PASS" start="2024-02-07T17:18:13.005468" elapsed="2.099780"/>
</kw>
<status status="PASS" start="2024-02-07T17:17:45.057318" elapsed="30.047930"/>
</test>
<status status="PASS" start="2024-02-07T17:17:44.820595" elapsed="30.284653"/>
</suite>
<statistics>
<total>
<stat pass="1" fail="0" skip="0">All Tests</stat>
</total>
<tag>
</tag>
<suite>
<stat pass="1" fail="0" skip="0" id="s1" name="TC2">TC2</stat>
</suite>
</statistics>
<errors>
</errors>
</robot>
