<?xml version="1.0" encoding="UTF-8"?>
<robot generator="Robot 7.0 (Python 3.12.1 on win32)" generated="2024-02-07T16:22:07.119302" rpa="false" schemaversion="5">
<suite id="s1" name="TC2" source="C:\TestingRobot\automation\TestCases\TC2.robot">
<test id="s1-t1" name="LoginTest" line="10">
<kw name="Open Browser" owner="SeleniumLibrary">
<msg time="2024-02-07T16:22:07.304751" level="INFO">Opening browser 'chrome' to base url 'about:blank'.</msg>
<arg>${urlblank}</arg>
<arg>${browser}</arg>
<doc>Opens a new browser instance to the optional ``url``.</doc>
<status status="PASS" start="2024-02-07T16:22:07.304751" elapsed="1.470034"/>
</kw>
<kw name="Go To" owner="SeleniumLibrary">
<msg time="2024-02-07T16:22:08.775848" level="INFO">Opening url 'https://e-logor.com/'</msg>
<arg>${url}</arg>
<doc>Navigates the current browser window to the provided ``url``.</doc>
<status status="PASS" start="2024-02-07T16:22:08.775848" elapsed="2.461844"/>
</kw>
<kw name="Maximize Browser Window" owner="SeleniumLibrary">
<doc>Maximizes current browser window.</doc>
<status status="PASS" start="2024-02-07T16:22:11.238796" elapsed="0.149741"/>
</kw>
<kw name="popupClose">
<kw name="Input Text" owner="SeleniumLibrary">
<msg time="2024-02-07T16:22:11.390753" level="INFO">Typing text 'test@gmail.com' into text field 'xpath:/html/body/div[3]/div[2]/div/div[2]/form/div/input'.</msg>
<arg>xpath:/html/body/div[3]/div[2]/div/div[2]/form/div/input</arg>
<arg>test@gmail.com</arg>
<doc>Types the given ``text`` into the text field identified by ``locator``.</doc>
<status status="PASS" start="2024-02-07T16:22:11.390753" elapsed="0.194056"/>
</kw>
<kw name="Click Element" owner="SeleniumLibrary">
<msg time="2024-02-07T16:22:11.587003" level="INFO">Clicking element 'xpath:/html/body/div[3]/div[2]/div/button'.</msg>
<arg>xpath:/html/body/div[3]/div[2]/div/button</arg>
<doc>Click the element identified by ``locator``.</doc>
<status status="PASS" start="2024-02-07T16:22:11.585923" elapsed="0.052157"/>
</kw>
<kw name="Click Element" owner="SeleniumLibrary">
<msg time="2024-02-07T16:22:11.639308" level="INFO">Clicking element 'xpath:/html/body/div[2]/div/button'.</msg>
<arg>xpath:/html/body/div[2]/div/button</arg>
<doc>Click the element identified by ``locator``.</doc>
<status status="PASS" start="2024-02-07T16:22:11.638080" elapsed="0.086696"/>
</kw>
<status status="PASS" start="2024-02-07T16:22:11.389750" elapsed="0.335093"/>
</kw>
<kw name="choisirProduit">
<kw name="Capture Page Screenshot" owner="SeleniumLibrary">
<msg time="2024-02-07T16:22:12.087851" level="INFO" html="true">&lt;/td&gt;&lt;/tr&gt;&lt;tr&gt;&lt;td colspan="3"&gt;&lt;a href="selenium-screenshot-13.png"&gt;&lt;img src="selenium-screenshot-13.png" width="800px"&gt;&lt;/a&gt;</msg>
<doc>Takes a screenshot of the current page and embeds it into a log file.</doc>
<status status="PASS" start="2024-02-07T16:22:11.725930" elapsed="0.361921"/>
</kw>
<kw name="Click Link" owner="SeleniumLibrary">
<msg time="2024-02-07T16:22:12.087851" level="INFO">Clicking link 'xpath:/html/body/div[1]/header/div[2]/div[1]/div/div[2]/div/ul/li[5]/a'.</msg>
<arg>xpath:/html/body/div[1]/header/div[2]/div[1]/div/div[2]/div/ul/li[5]/a</arg>
<doc>Clicks a link identified by ``locator``.</doc>
<status status="PASS" start="2024-02-07T16:22:12.087851" elapsed="1.678674"/>
</kw>
<kw name="Capture Page Screenshot" owner="SeleniumLibrary">
<msg time="2024-02-07T16:22:13.948586" level="INFO" html="true">&lt;/td&gt;&lt;/tr&gt;&lt;tr&gt;&lt;td colspan="3"&gt;&lt;a href="selenium-screenshot-14.png"&gt;&lt;img src="selenium-screenshot-14.png" width="800px"&gt;&lt;/a&gt;</msg>
<doc>Takes a screenshot of the current page and embeds it into a log file.</doc>
<status status="PASS" start="2024-02-07T16:22:13.766525" elapsed="0.182061"/>
</kw>
<kw name="Click Link" owner="SeleniumLibrary">
<msg time="2024-02-07T16:22:13.948586" level="INFO">Clicking link 'xpath:/html/body/div[1]/section[2]/div/div[2]/div[1]/a'.</msg>
<arg>xpath:/html/body/div[1]/section[2]/div/div[2]/div[1]/a</arg>
<doc>Clicks a link identified by ``locator``.</doc>
<status status="PASS" start="2024-02-07T16:22:13.948586" elapsed="2.236355"/>
</kw>
<kw name="Capture Page Screenshot" owner="SeleniumLibrary">
<msg time="2024-02-07T16:22:16.451072" level="INFO" html="true">&lt;/td&gt;&lt;/tr&gt;&lt;tr&gt;&lt;td colspan="3"&gt;&lt;a href="selenium-screenshot-15.png"&gt;&lt;img src="selenium-screenshot-15.png" width="800px"&gt;&lt;/a&gt;</msg>
<doc>Takes a screenshot of the current page and embeds it into a log file.</doc>
<status status="PASS" start="2024-02-07T16:22:16.184941" elapsed="0.266131"/>
</kw>
<kw name="Click Link" owner="SeleniumLibrary">
<msg time="2024-02-07T16:22:16.455976" level="INFO">Clicking link 'xpath://*[@id="search-form"]/div/div[2]/div[2]/div/div[2]/div/div[1]/a[1]'.</msg>
<arg>xpath://*[@id="search-form"]/div/div[2]/div[2]/div/div[2]/div/div[1]/a[1]</arg>
<doc>Clicks a link identified by ``locator``.</doc>
<status status="PASS" start="2024-02-07T16:22:16.455976" elapsed="1.562377"/>
</kw>
<status status="PASS" start="2024-02-07T16:22:11.724843" elapsed="6.293510"/>
</kw>
<kw name="ajouterAuPanier">
<kw name="Capture Page Screenshot" owner="SeleniumLibrary">
<msg time="2024-02-07T16:22:18.264259" level="INFO" html="true">&lt;/td&gt;&lt;/tr&gt;&lt;tr&gt;&lt;td colspan="3"&gt;&lt;a href="selenium-screenshot-16.png"&gt;&lt;img src="selenium-screenshot-16.png" width="800px"&gt;&lt;/a&gt;</msg>
<doc>Takes a screenshot of the current page and embeds it into a log file.</doc>
<status status="PASS" start="2024-02-07T16:22:18.018353" elapsed="0.245906"/>
</kw>
<kw name="Click Element" owner="SeleniumLibrary">
<msg time="2024-02-07T16:22:18.268596" level="INFO">Clicking element 'xpath:/html/body/div[1]/section[1]/div/div/div/div[2]/div/div[6]/button[2]'.</msg>
<arg>xpath:/html/body/div[1]/section[1]/div/div/div/div[2]/div/div[6]/button[2]</arg>
<doc>Click the element identified by ``locator``.</doc>
<status status="PASS" start="2024-02-07T16:22:18.268596" elapsed="0.061033"/>
</kw>
<kw name="Capture Page Screenshot" owner="SeleniumLibrary">
<msg time="2024-02-07T16:22:18.578498" level="INFO" html="true">&lt;/td&gt;&lt;/tr&gt;&lt;tr&gt;&lt;td colspan="3"&gt;&lt;a href="selenium-screenshot-17.png"&gt;&lt;img src="selenium-screenshot-17.png" width="800px"&gt;&lt;/a&gt;</msg>
<doc>Takes a screenshot of the current page and embeds it into a log file.</doc>
<status status="PASS" start="2024-02-07T16:22:18.329629" elapsed="0.248869"/>
</kw>
<kw name="Input Text" owner="SeleniumLibrary">
<msg time="2024-02-07T16:22:18.579267" level="INFO">Typing text 'customer@example.com' into text field 'id:email'.</msg>
<arg>id:email</arg>
<arg>customer@example.com</arg>
<doc>Types the given ``text`` into the text field identified by ``locator``.</doc>
<status status="PASS" start="2024-02-07T16:22:18.578498" elapsed="0.153408"/>
</kw>
<kw name="Input Text" owner="SeleniumLibrary">
<msg time="2024-02-07T16:22:18.731906" level="INFO">Typing text '123456' into text field 'xpath://*[@id="login_modal"]/div/div/div[2]/div/form/div[2]/input'.</msg>
<arg>xpath://*[@id="login_modal"]/div/div/div[2]/div/form/div[2]/input</arg>
<arg>123456</arg>
<doc>Types the given ``text`` into the text field identified by ``locator``.</doc>
<status status="PASS" start="2024-02-07T16:22:18.731906" elapsed="0.115742"/>
</kw>
<kw name="Wait Until Element Is Visible" owner="SeleniumLibrary">
<arg>xpath://*[@id="login_modal"]/div/div/div[2]/div/form/div[4]/button</arg>
<arg>timeout=10s</arg>
<doc>Waits until the element ``locator`` is visible.</doc>
<status status="PASS" start="2024-02-07T16:22:18.847648" elapsed="0.033722"/>
</kw>
<kw name="Capture Page Screenshot" owner="SeleniumLibrary">
<msg time="2024-02-07T16:22:19.111356" level="INFO" html="true">&lt;/td&gt;&lt;/tr&gt;&lt;tr&gt;&lt;td colspan="3"&gt;&lt;a href="selenium-screenshot-18.png"&gt;&lt;img src="selenium-screenshot-18.png" width="800px"&gt;&lt;/a&gt;</msg>
<doc>Takes a screenshot of the current page and embeds it into a log file.</doc>
<status status="PASS" start="2024-02-07T16:22:18.881370" elapsed="0.229986"/>
</kw>
<kw name="Click Element" owner="SeleniumLibrary">
<msg time="2024-02-07T16:22:19.111356" level="INFO">Clicking element 'xpath://*[@id="login_modal"]/div/div/div[2]/div/form/div[4]/button'.</msg>
<arg>xpath://*[@id="login_modal"]/div/div/div[2]/div/form/div[4]/button</arg>
<doc>Click the element identified by ``locator``.</doc>
<status status="PASS" start="2024-02-07T16:22:19.111356" elapsed="2.013998"/>
</kw>
<kw name="Click Element" owner="SeleniumLibrary">
<msg time="2024-02-07T16:22:21.125354" level="INFO">Clicking element 'xpath:/html/body/div[1]/section[1]/div/div/div/div[2]/div/div[6]/button[2]'.</msg>
<arg>xpath:/html/body/div[1]/section[1]/div/div/div/div[2]/div/div[6]/button[2]</arg>
<doc>Click the element identified by ``locator``.</doc>
<status status="PASS" start="2024-02-07T16:22:21.125354" elapsed="0.058449"/>
</kw>
<status status="PASS" start="2024-02-07T16:22:18.018353" elapsed="3.165450"/>
</kw>
<kw name="commanderProduit">
<kw name="Capture Page Screenshot" owner="SeleniumLibrary">
<msg time="2024-02-07T16:22:21.445867" level="INFO" html="true">&lt;/td&gt;&lt;/tr&gt;&lt;tr&gt;&lt;td colspan="3"&gt;&lt;a href="selenium-screenshot-19.png"&gt;&lt;img src="selenium-screenshot-19.png" width="800px"&gt;&lt;/a&gt;</msg>
<doc>Takes a screenshot of the current page and embeds it into a log file.</doc>
<status status="PASS" start="2024-02-07T16:22:21.183803" elapsed="0.262064"/>
</kw>
<kw name="Wait Until Element Is Visible" owner="SeleniumLibrary">
<arg>xpath://*[@id="cart-summary"]/div/div/div/div/div[3]/div[2]/a</arg>
<arg>10</arg>
<doc>Waits until the element ``locator`` is visible.</doc>
<status status="PASS" start="2024-02-07T16:22:21.445867" elapsed="1.539672"/>
</kw>
<kw name="Click Element" owner="SeleniumLibrary">
<msg time="2024-02-07T16:22:22.985539" level="INFO">Clicking element 'xpath://*[@id="cart-summary"]/div/div/div/div/div[3]/div[2]/a'.</msg>
<arg>xpath://*[@id="cart-summary"]/div/div/div/div/div[3]/div[2]/a</arg>
<doc>Click the element identified by ``locator``.</doc>
<status status="PASS" start="2024-02-07T16:22:22.985539" elapsed="1.379082"/>
</kw>
<kw name="Capture Page Screenshot" owner="SeleniumLibrary">
<msg time="2024-02-07T16:22:24.561910" level="INFO" html="true">&lt;/td&gt;&lt;/tr&gt;&lt;tr&gt;&lt;td colspan="3"&gt;&lt;a href="selenium-screenshot-20.png"&gt;&lt;img src="selenium-screenshot-20.png" width="800px"&gt;&lt;/a&gt;</msg>
<doc>Takes a screenshot of the current page and embeds it into a log file.</doc>
<status status="PASS" start="2024-02-07T16:22:24.364621" elapsed="0.197289"/>
</kw>
<kw name="Wait Until Element Is Visible" owner="SeleniumLibrary">
<arg>xpath:/html/body/div[1]/section[2]/div/div/div/form/div/div[3]/div[2]/button</arg>
<doc>Waits until the element ``locator`` is visible.</doc>
<status status="PASS" start="2024-02-07T16:22:24.561910" elapsed="0.035715"/>
</kw>
<kw name="Click Element" owner="SeleniumLibrary">
<msg time="2024-02-07T16:22:24.597625" level="INFO">Clicking element 'xpath:/html/body/div[1]/section[2]/div/div/div/form/div/div[3]/div[2]/button'.</msg>
<arg>xpath:/html/body/div[1]/section[2]/div/div/div/form/div/div[3]/div[2]/button</arg>
<doc>Click the element identified by ``locator``.</doc>
<status status="PASS" start="2024-02-07T16:22:24.597625" elapsed="1.206631"/>
</kw>
<kw name="Capture Page Screenshot" owner="SeleniumLibrary">
<msg time="2024-02-07T16:22:26.015248" level="INFO" html="true">&lt;/td&gt;&lt;/tr&gt;&lt;tr&gt;&lt;td colspan="3"&gt;&lt;a href="selenium-screenshot-21.png"&gt;&lt;img src="selenium-screenshot-21.png" width="800px"&gt;&lt;/a&gt;</msg>
<doc>Takes a screenshot of the current page and embeds it into a log file.</doc>
<status status="PASS" start="2024-02-07T16:22:25.804256" elapsed="0.220988"/>
</kw>
<kw name="Wait Until Element Is Visible" owner="SeleniumLibrary">
<arg>xpath:/html/body/div[1]/section[2]/div/div/div/div/form/div[2]/button</arg>
<doc>Waits until the element ``locator`` is visible.</doc>
<status status="PASS" start="2024-02-07T16:22:26.025244" elapsed="0.019401"/>
</kw>
<kw name="Click Element" owner="SeleniumLibrary">
<msg time="2024-02-07T16:22:26.044645" level="INFO">Clicking element 'xpath:/html/body/div[1]/section[2]/div/div/div/div/form/div[2]/button'.</msg>
<arg>xpath:/html/body/div[1]/section[2]/div/div/div/div/form/div[2]/button</arg>
<doc>Click the element identified by ``locator``.</doc>
<status status="PASS" start="2024-02-07T16:22:26.044645" elapsed="2.602806"/>
</kw>
<kw name="Capture Page Screenshot" owner="SeleniumLibrary">
<msg time="2024-02-07T16:22:28.861447" level="INFO" html="true">&lt;/td&gt;&lt;/tr&gt;&lt;tr&gt;&lt;td colspan="3"&gt;&lt;a href="selenium-screenshot-22.png"&gt;&lt;img src="selenium-screenshot-22.png" width="800px"&gt;&lt;/a&gt;</msg>
<doc>Takes a screenshot of the current page and embeds it into a log file.</doc>
<status status="PASS" start="2024-02-07T16:22:28.647451" elapsed="0.213996"/>
</kw>
<kw name="Wait Until Element Is Visible" owner="SeleniumLibrary">
<arg>xpath:/html/body/div[1]/section[2]/div/div/div[1]/form/div/div[4]/div/div[2]/label/span/img</arg>
<doc>Waits until the element ``locator`` is visible.</doc>
<status status="PASS" start="2024-02-07T16:22:28.861447" elapsed="0.033044"/>
</kw>
<kw name="Click Element" owner="SeleniumLibrary">
<msg time="2024-02-07T16:22:28.895497" level="INFO">Clicking element 'xpath:/html/body/div[1]/section[2]/div/div/div[1]/form/div/div[4]/div/div[2]/label/span/img'.</msg>
<arg>xpath:/html/body/div[1]/section[2]/div/div/div[1]/form/div/div[4]/div/div[2]/label/span/img</arg>
<doc>Click the element identified by ``locator``.</doc>
<status status="PASS" start="2024-02-07T16:22:28.894491" elapsed="0.060070"/>
</kw>
<kw name="Capture Page Screenshot" owner="SeleniumLibrary">
<msg time="2024-02-07T16:22:29.175137" level="INFO" html="true">&lt;/td&gt;&lt;/tr&gt;&lt;tr&gt;&lt;td colspan="3"&gt;&lt;a href="selenium-screenshot-23.png"&gt;&lt;img src="selenium-screenshot-23.png" width="800px"&gt;&lt;/a&gt;</msg>
<doc>Takes a screenshot of the current page and embeds it into a log file.</doc>
<status status="PASS" start="2024-02-07T16:22:28.954561" elapsed="0.223100"/>
</kw>
<kw name="Wait Until Element Is Visible" owner="SeleniumLibrary">
<arg>xpath://*[@id="checkout-form"]/div/div[5]/label/span[1]</arg>
<doc>Waits until the element ``locator`` is visible.</doc>
<status status="PASS" start="2024-02-07T16:22:29.177965" elapsed="0.018276"/>
</kw>
<kw name="Click Element" owner="SeleniumLibrary">
<msg time="2024-02-07T16:22:29.196241" level="INFO">Clicking element 'xpath://*[@id="checkout-form"]/div/div[5]/label/span[1]'.</msg>
<arg>xpath://*[@id="checkout-form"]/div/div[5]/label/span[1]</arg>
<doc>Click the element identified by ``locator``.</doc>
<status status="PASS" start="2024-02-07T16:22:29.196241" elapsed="0.066863"/>
</kw>
<kw name="Click Element" owner="SeleniumLibrary">
<msg time="2024-02-07T16:22:29.263104" level="INFO">Clicking element 'xpath://*[@id="checkout-form"]/div/div[6]/div[2]/button'.</msg>
<arg>xpath://*[@id="checkout-form"]/div/div[6]/div[2]/button</arg>
<doc>Click the element identified by ``locator``.</doc>
<status status="PASS" start="2024-02-07T16:22:29.263104" elapsed="4.132193"/>
</kw>
<kw name="Capture Page Screenshot" owner="SeleniumLibrary">
<msg time="2024-02-07T16:22:33.622639" level="INFO" html="true">&lt;/td&gt;&lt;/tr&gt;&lt;tr&gt;&lt;td colspan="3"&gt;&lt;a href="selenium-screenshot-24.png"&gt;&lt;img src="selenium-screenshot-24.png" width="800px"&gt;&lt;/a&gt;</msg>
<doc>Takes a screenshot of the current page and embeds it into a log file.</doc>
<status status="PASS" start="2024-02-07T16:22:33.395297" elapsed="0.227342"/>
</kw>
<kw name="Wait Until Element Is Visible" owner="SeleniumLibrary">
<arg>xpath:/html/body/div[1]/section[2]/div/div/div/div[1]/h1</arg>
<arg>timeout=10s</arg>
<doc>Waits until the element ``locator`` is visible.</doc>
<status status="PASS" start="2024-02-07T16:22:33.622639" elapsed="0.022432"/>
</kw>
<status status="PASS" start="2024-02-07T16:22:21.183803" elapsed="12.461268"/>
</kw>
<kw name="Close Browser" owner="SeleniumLibrary">
<doc>Closes the current browser.</doc>
<status status="PASS" start="2024-02-07T16:22:33.645071" elapsed="2.156813"/>
</kw>
<status status="PASS" start="2024-02-07T16:22:07.302515" elapsed="28.500483"/>
</test>
<status status="PASS" start="2024-02-07T16:22:07.121372" elapsed="28.681626"/>
</suite>
<statistics>
<total>
<stat pass="1" fail="0" skip="0">All Tests</stat>
</total>
<tag>
</tag>
<suite>
<stat pass="1" fail="0" skip="0" id="s1" name="TC2">TC2</stat>
</suite>
</statistics>
<errors>
</errors>
</robot>
